{"D:\\giuthubfile\\My_Work\\Jasmine_First\\spec\\Test1_spec.js":{"path":"D:\\giuthubfile\\My_Work\\Jasmine_First\\spec\\Test1_spec.js","s":{"1":1,"2":1,"3":0,"4":0,"5":0,"6":0,"7":0,"8":0,"9":0,"10":0,"11":0,"12":0,"13":0,"14":0},"b":{},"f":{},"fnMap":{},"statementMap":{"1":{"start":{"line":1,"column":0},"end":{"line":1,"column":35}},"2":{"start":{"line":4,"column":0},"end":{"line":21,"column":2}},"3":{"start":{"line":6,"column":4},"end":{"line":10,"column":6}},"4":{"start":{"line":7,"column":8},"end":{"line":7,"column":38}},"5":{"start":{"line":8,"column":8},"end":{"line":8,"column":29}},"6":{"start":{"line":9,"column":8},"end":{"line":9,"column":37}},"7":{"start":{"line":11,"column":4},"end":{"line":15,"column":6}},"8":{"start":{"line":12,"column":8},"end":{"line":12,"column":39}},"9":{"start":{"line":13,"column":8},"end":{"line":13,"column":29}},"10":{"start":{"line":14,"column":8},"end":{"line":14,"column":37}},"11":{"start":{"line":16,"column":4},"end":{"line":20,"column":6}},"12":{"start":{"line":17,"column":8},"end":{"line":17,"column":38}},"13":{"start":{"line":18,"column":8},"end":{"line":18,"column":29}},"14":{"start":{"line":19,"column":8},"end":{"line":19,"column":53}}},"branchMap":{}},"D:\\giuthubfile\\My_Work\\Jasmine_First\\Program1.js":{"path":"D:\\giuthubfile\\My_Work\\Jasmine_First\\Program1.js","s":{"1":1,"2":0,"3":1,"4":0,"5":1,"6":0,"7":1,"8":0,"9":1},"b":{},"f":{"1":0},"fnMap":{"1":{"name":"_add","line":1,"loc":{"start":{"line":1,"column":0},"end":{"line":1,"column":18}}}},"statementMap":{"1":{"start":{"line":1,"column":0},"end":{"line":3,"column":1}},"2":{"start":{"line":2,"column":4},"end":{"line":2,"column":16}},"3":{"start":{"line":4,"column":0},"end":{"line":6,"column":1}},"4":{"start":{"line":5,"column":4},"end":{"line":5,"column":16}},"5":{"start":{"line":7,"column":0},"end":{"line":9,"column":1}},"6":{"start":{"line":8,"column":4},"end":{"line":8,"column":16}},"7":{"start":{"line":10,"column":0},"end":{"line":12,"column":1}},"8":{"start":{"line":11,"column":4},"end":{"line":11,"column":16}},"9":{"start":{"line":14,"column":0},"end":{"line":19,"column":1}}},"branchMap":{}},"D:\\giuthubfile\\My_Work\\Jasmine_First\\index1.js":{"path":"D:\\giuthubfile\\My_Work\\Jasmine_First\\index1.js","s":{"1":0,"2":0},"b":{},"f":{},"fnMap":{},"statementMap":{"1":{"start":{"line":1,"column":0},"end":{"line":1,"column":34}},"2":{"start":{"line":3,"column":0},"end":{"line":3,"column":28}}},"branchMap":{}}}