TN:
SF:D:\giuthubfile\My_Work\Jasmine_First\spec\Test1_spec.js
FNF:0
FNH:0
DA:1,1
DA:4,1
DA:6,0
DA:7,0
DA:8,0
DA:9,0
DA:11,0
DA:12,0
DA:13,0
DA:14,0
DA:16,0
DA:17,0
DA:18,0
DA:19,0
LF:14
LH:2
BRF:0
BRH:0
end_of_record
TN:
SF:D:\giuthubfile\My_Work\Jasmine_First\Program1.js
FN:1,_add
FNF:1
FNH:0
FNDA:0,_add
DA:1,1
DA:2,0
DA:4,1
DA:5,0
DA:7,1
DA:8,0
DA:10,1
DA:11,0
DA:14,1
LF:9
LH:5
BRF:0
BRH:0
end_of_record
TN:
SF:D:\giuthubfile\My_Work\Jasmine_First\index1.js
FNF:0
FNH:0
DA:1,0
DA:3,0
LF:2
LH:0
BRF:0
BRH:0
end_of_record
